<?xml version="1.0" encoding="UTF-8"?>
<testsuite xmlns:xsi="http://www.w3.org/2001/XMLSchema-instance" xsi:noNamespaceSchemaLocation="https://maven.apache.org/surefire/maven-surefire-plugin/xsd/surefire-test-report.xsd" name="com.encuesta.EncuestaBackendApplicationTests" time="4.956" tests="4" errors="1" skipped="0" failures="0">
  <properties>
    <property name="sun.desktop" value="windows"/>
    <property name="awt.toolkit" value="sun.awt.windows.WToolkit"/>
    <property name="file.encoding.pkg" value="sun.io"/>
    <property name="java.specification.version" value="1.8"/>
    <property name="sun.cpu.isalist" value="amd64"/>
    <property name="sun.jnu.encoding" value="Cp1252"/>
    <property name="java.class.path" value="C:\Proyectos\encuesta_backend\target\test-classes;C:\Proyectos\encuesta_backend\target\classes;C:\Users\JULIOSKIII\.m2\repository\org\springframework\boot\spring-boot-starter-web\2.5.14\spring-boot-starter-web-2.5.14.jar;C:\Users\JULIOSKIII\.m2\repository\org\springframework\boot\spring-boot-starter\2.5.14\spring-boot-starter-2.5.14.jar;C:\Users\JULIOSKIII\.m2\repository\org\springframework\boot\spring-boot\2.5.14\spring-boot-2.5.14.jar;C:\Users\JULIOSKIII\.m2\repository\org\springframework\boot\spring-boot-autoconfigure\2.5.14\spring-boot-autoconfigure-2.5.14.jar;C:\Users\JULIOSKIII\.m2\repository\org\springframework\boot\spring-boot-starter-logging\2.5.14\spring-boot-starter-logging-2.5.14.jar;C:\Users\JULIOSKIII\.m2\repository\ch\qos\logback\logback-classic\1.2.11\logback-classic-1.2.11.jar;C:\Users\JULIOSKIII\.m2\repository\ch\qos\logback\logback-core\1.2.11\logback-core-1.2.11.jar;C:\Users\JULIOSKIII\.m2\repository\org\apache\logging\log4j\log4j-to-slf4j\2.17.2\log4j-to-slf4j-2.17.2.jar;C:\Users\JULIOSKIII\.m2\repository\org\apache\logging\log4j\log4j-api\2.17.2\log4j-api-2.17.2.jar;C:\Users\JULIOSKIII\.m2\repository\org\slf4j\jul-to-slf4j\1.7.36\jul-to-slf4j-1.7.36.jar;C:\Users\JULIOSKIII\.m2\repository\jakarta\annotation\jakarta.annotation-api\1.3.5\jakarta.annotation-api-1.3.5.jar;C:\Users\JULIOSKIII\.m2\repository\org\yaml\snakeyaml\1.28\snakeyaml-1.28.jar;C:\Users\JULIOSKIII\.m2\repository\org\springframework\boot\spring-boot-starter-json\2.5.14\spring-boot-starter-json-2.5.14.jar;C:\Users\JULIOSKIII\.m2\repository\com\fasterxml\jackson\core\jackson-databind\2.12.6.1\jackson-databind-2.12.6.1.jar;C:\Users\JULIOSKIII\.m2\repository\com\fasterxml\jackson\core\jackson-annotations\2.12.6\jackson-annotations-2.12.6.jar;C:\Users\JULIOSKIII\.m2\repository\com\fasterxml\jackson\core\jackson-core\2.12.6\jackson-core-2.12.6.jar;C:\Users\JULIOSKIII\.m2\repository\com\fasterxml\jackson\datatype\jackson-datatype-jdk8\2.12.6\jackson-datatype-jdk8-2.12.6.jar;C:\Users\JULIOSKIII\.m2\repository\com\fasterxml\jackson\datatype\jackson-datatype-jsr310\2.12.6\jackson-datatype-jsr310-2.12.6.jar;C:\Users\JULIOSKIII\.m2\repository\com\fasterxml\jackson\module\jackson-module-parameter-names\2.12.6\jackson-module-parameter-names-2.12.6.jar;C:\Users\JULIOSKIII\.m2\repository\org\springframework\boot\spring-boot-starter-tomcat\2.5.14\spring-boot-starter-tomcat-2.5.14.jar;C:\Users\JULIOSKIII\.m2\repository\org\apache\tomcat\embed\tomcat-embed-core\9.0.63\tomcat-embed-core-9.0.63.jar;C:\Users\JULIOSKIII\.m2\repository\org\apache\tomcat\embed\tomcat-embed-el\9.0.63\tomcat-embed-el-9.0.63.jar;C:\Users\JULIOSKIII\.m2\repository\org\apache\tomcat\embed\tomcat-embed-websocket\9.0.63\tomcat-embed-websocket-9.0.63.jar;C:\Users\JULIOSKIII\.m2\repository\org\springframework\spring-web\5.3.20\spring-web-5.3.20.jar;C:\Users\JULIOSKIII\.m2\repository\org\springframework\spring-beans\5.3.20\spring-beans-5.3.20.jar;C:\Users\JULIOSKIII\.m2\repository\org\springframework\spring-webmvc\5.3.20\spring-webmvc-5.3.20.jar;C:\Users\JULIOSKIII\.m2\repository\org\springframework\spring-aop\5.3.20\spring-aop-5.3.20.jar;C:\Users\JULIOSKIII\.m2\repository\org\springframework\spring-context\5.3.20\spring-context-5.3.20.jar;C:\Users\JULIOSKIII\.m2\repository\org\springframework\spring-expression\5.3.20\spring-expression-5.3.20.jar;C:\Users\JULIOSKIII\.m2\repository\org\springframework\boot\spring-boot-starter-data-jpa\2.5.14\spring-boot-starter-data-jpa-2.5.14.jar;C:\Users\JULIOSKIII\.m2\repository\org\springframework\boot\spring-boot-starter-aop\2.5.14\spring-boot-starter-aop-2.5.14.jar;C:\Users\JULIOSKIII\.m2\repository\org\aspectj\aspectjweaver\1.9.7\aspectjweaver-1.9.7.jar;C:\Users\JULIOSKIII\.m2\repository\org\springframework\boot\spring-boot-starter-jdbc\2.5.14\spring-boot-starter-jdbc-2.5.14.jar;C:\Users\JULIOSKIII\.m2\repository\com\zaxxer\HikariCP\4.0.3\HikariCP-4.0.3.jar;C:\Users\JULIOSKIII\.m2\repository\org\springframework\spring-jdbc\5.3.20\spring-jdbc-5.3.20.jar;C:\Users\JULIOSKIII\.m2\repository\jakarta\transaction\jakarta.transaction-api\1.3.3\jakarta.transaction-api-1.3.3.jar;C:\Users\JULIOSKIII\.m2\repository\jakarta\persistence\jakarta.persistence-api\2.2.3\jakarta.persistence-api-2.2.3.jar;C:\Users\JULIOSKIII\.m2\repository\org\hibernate\hibernate-core\5.4.33\hibernate-core-5.4.33.jar;C:\Users\JULIOSKIII\.m2\repository\org\jboss\logging\jboss-logging\3.4.3.Final\jboss-logging-3.4.3.Final.jar;C:\Users\JULIOSKIII\.m2\repository\org\javassist\javassist\3.27.0-GA\javassist-3.27.0-GA.jar;C:\Users\JULIOSKIII\.m2\repository\net\bytebuddy\byte-buddy\1.10.22\byte-buddy-1.10.22.jar;C:\Users\JULIOSKIII\.m2\repository\antlr\antlr\2.7.7\antlr-2.7.7.jar;C:\Users\JULIOSKIII\.m2\repository\org\jboss\jandex\2.2.3.Final\jandex-2.2.3.Final.jar;C:\Users\JULIOSKIII\.m2\repository\com\fasterxml\classmate\1.5.1\classmate-1.5.1.jar;C:\Users\JULIOSKIII\.m2\repository\org\dom4j\dom4j\2.1.3\dom4j-2.1.3.jar;C:\Users\JULIOSKIII\.m2\repository\org\hibernate\common\hibernate-commons-annotations\5.1.2.Final\hibernate-commons-annotations-5.1.2.Final.jar;C:\Users\JULIOSKIII\.m2\repository\org\glassfish\jaxb\jaxb-runtime\2.3.6\jaxb-runtime-2.3.6.jar;C:\Users\JULIOSKIII\.m2\repository\org\glassfish\jaxb\txw2\2.3.6\txw2-2.3.6.jar;C:\Users\JULIOSKIII\.m2\repository\com\sun\istack\istack-commons-runtime\3.0.12\istack-commons-runtime-3.0.12.jar;C:\Users\JULIOSKIII\.m2\repository\com\sun\activation\jakarta.activation\1.2.2\jakarta.activation-1.2.2.jar;C:\Users\JULIOSKIII\.m2\repository\org\springframework\data\spring-data-jpa\2.5.11\spring-data-jpa-2.5.11.jar;C:\Users\JULIOSKIII\.m2\repository\org\springframework\data\spring-data-commons\2.5.11\spring-data-commons-2.5.11.jar;C:\Users\JULIOSKIII\.m2\repository\org\springframework\spring-orm\5.3.20\spring-orm-5.3.20.jar;C:\Users\JULIOSKIII\.m2\repository\org\springframework\spring-tx\5.3.20\spring-tx-5.3.20.jar;C:\Users\JULIOSKIII\.m2\repository\org\slf4j\slf4j-api\1.7.36\slf4j-api-1.7.36.jar;C:\Users\JULIOSKIII\.m2\repository\org\springframework\spring-aspects\5.3.20\spring-aspects-5.3.20.jar;C:\Users\JULIOSKIII\.m2\repository\com\h2database\h2\1.4.200\h2-1.4.200.jar;C:\Users\JULIOSKIII\.m2\repository\org\springframework\boot\spring-boot-starter-test\2.5.14\spring-boot-starter-test-2.5.14.jar;C:\Users\JULIOSKIII\.m2\repository\org\springframework\boot\spring-boot-test\2.5.14\spring-boot-test-2.5.14.jar;C:\Users\JULIOSKIII\.m2\repository\org\springframework\boot\spring-boot-test-autoconfigure\2.5.14\spring-boot-test-autoconfigure-2.5.14.jar;C:\Users\JULIOSKIII\.m2\repository\com\jayway\jsonpath\json-path\2.5.0\json-path-2.5.0.jar;C:\Users\JULIOSKIII\.m2\repository\net\minidev\json-smart\2.4.8\json-smart-2.4.8.jar;C:\Users\JULIOSKIII\.m2\repository\net\minidev\accessors-smart\2.4.8\accessors-smart-2.4.8.jar;C:\Users\JULIOSKIII\.m2\repository\org\ow2\asm\asm\9.1\asm-9.1.jar;C:\Users\JULIOSKIII\.m2\repository\jakarta\xml\bind\jakarta.xml.bind-api\2.3.3\jakarta.xml.bind-api-2.3.3.jar;C:\Users\JULIOSKIII\.m2\repository\jakarta\activation\jakarta.activation-api\1.2.2\jakarta.activation-api-1.2.2.jar;C:\Users\JULIOSKIII\.m2\repository\org\assertj\assertj-core\3.19.0\assertj-core-3.19.0.jar;C:\Users\JULIOSKIII\.m2\repository\org\hamcrest\hamcrest\2.2\hamcrest-2.2.jar;C:\Users\JULIOSKIII\.m2\repository\org\junit\jupiter\junit-jupiter\5.7.2\junit-jupiter-5.7.2.jar;C:\Users\JULIOSKIII\.m2\repository\org\junit\jupiter\junit-jupiter-api\5.7.2\junit-jupiter-api-5.7.2.jar;C:\Users\JULIOSKIII\.m2\repository\org\apiguardian\apiguardian-api\1.1.0\apiguardian-api-1.1.0.jar;C:\Users\JULIOSKIII\.m2\repository\org\opentest4j\opentest4j\1.2.0\opentest4j-1.2.0.jar;C:\Users\JULIOSKIII\.m2\repository\org\junit\platform\junit-platform-commons\1.7.2\junit-platform-commons-1.7.2.jar;C:\Users\JULIOSKIII\.m2\repository\org\junit\jupiter\junit-jupiter-params\5.7.2\junit-jupiter-params-5.7.2.jar;C:\Users\JULIOSKIII\.m2\repository\org\junit\jupiter\junit-jupiter-engine\5.7.2\junit-jupiter-engine-5.7.2.jar;C:\Users\JULIOSKIII\.m2\repository\org\junit\platform\junit-platform-engine\1.7.2\junit-platform-engine-1.7.2.jar;C:\Users\JULIOSKIII\.m2\repository\org\mockito\mockito-core\3.9.0\mockito-core-3.9.0.jar;C:\Users\JULIOSKIII\.m2\repository\net\bytebuddy\byte-buddy-agent\1.10.22\byte-buddy-agent-1.10.22.jar;C:\Users\JULIOSKIII\.m2\repository\org\objenesis\objenesis\3.2\objenesis-3.2.jar;C:\Users\JULIOSKIII\.m2\repository\org\mockito\mockito-junit-jupiter\3.9.0\mockito-junit-jupiter-3.9.0.jar;C:\Users\JULIOSKIII\.m2\repository\org\skyscreamer\jsonassert\1.5.0\jsonassert-1.5.0.jar;C:\Users\JULIOSKIII\.m2\repository\com\vaadin\external\google\android-json\0.0.20131108.vaadin1\android-json-0.0.20131108.vaadin1.jar;C:\Users\JULIOSKIII\.m2\repository\org\springframework\spring-core\5.3.20\spring-core-5.3.20.jar;C:\Users\JULIOSKIII\.m2\repository\org\springframework\spring-jcl\5.3.20\spring-jcl-5.3.20.jar;C:\Users\JULIOSKIII\.m2\repository\org\springframework\spring-test\5.3.20\spring-test-5.3.20.jar;C:\Users\JULIOSKIII\.m2\repository\org\xmlunit\xmlunit-core\2.8.4\xmlunit-core-2.8.4.jar;C:\Users\JULIOSKIII\.m2\repository\org\apache\camel\springboot\camel-spring-boot-starter\3.14.0\camel-spring-boot-starter-3.14.0.jar;C:\Users\JULIOSKIII\.m2\repository\org\apache\camel\springboot\camel-spring-boot\3.14.0\camel-spring-boot-3.14.0.jar;C:\Users\JULIOSKIII\.m2\repository\org\apache\camel\camel-spring\3.14.0\camel-spring-3.14.0.jar;C:\Users\JULIOSKIII\.m2\repository\org\apache\camel\camel-spring-main\3.14.0\camel-spring-main-3.14.0.jar;C:\Users\JULIOSKIII\.m2\repository\org\apache\camel\camel-main\3.14.0\camel-main-3.14.0.jar;C:\Users\JULIOSKIII\.m2\repository\org\apache\camel\camel-base\3.14.0\camel-base-3.14.0.jar;C:\Users\JULIOSKIII\.m2\repository\org\apache\camel\camel-core-languages\3.14.0\camel-core-languages-3.14.0.jar;C:\Users\JULIOSKIII\.m2\repository\org\apache\camel\camel-xml-jaxb-dsl\3.14.0\camel-xml-jaxb-dsl-3.14.0.jar;C:\Users\JULIOSKIII\.m2\repository\org\apache\camel\camel-core-model\3.14.0\camel-core-model-3.14.0.jar;C:\Users\JULIOSKIII\.m2\repository\org\apache\camel\camel-core-processor\3.14.0\camel-core-processor-3.14.0.jar;C:\Users\JULIOSKIII\.m2\repository\org\apache\camel\camel-xml-jaxb\3.14.0\camel-xml-jaxb-3.14.0.jar;C:\Users\JULIOSKIII\.m2\repository\com\sun\xml\bind\jaxb-core\2.3.0\jaxb-core-2.3.0.jar;C:\Users\JULIOSKIII\.m2\repository\com\sun\xml\bind\jaxb-impl\2.3.3\jaxb-impl-2.3.3.jar;C:\Users\JULIOSKIII\.m2\repository\org\apache\camel\camel-dsl-support\3.14.0\camel-dsl-support-3.14.0.jar;C:\Users\JULIOSKIII\.m2\repository\org\apache\camel\camel-endpointdsl\3.14.0\camel-endpointdsl-3.14.0.jar;C:\Users\JULIOSKIII\.m2\repository\org\apache\camel\camel-spring-xml\3.14.0\camel-spring-xml-3.14.0.jar;C:\Users\JULIOSKIII\.m2\repository\org\apache\camel\camel-core-xml\3.14.0\camel-core-xml-3.14.0.jar;C:\Users\JULIOSKIII\.m2\repository\org\apache\camel\camel-cloud\3.14.0\camel-cloud-3.14.0.jar;C:\Users\JULIOSKIII\.m2\repository\org\apache\camel\camel-cluster\3.14.0\camel-cluster-3.14.0.jar;C:\Users\JULIOSKIII\.m2\repository\org\apache\camel\camel-base-engine\3.14.0\camel-base-engine-3.14.0.jar;C:\Users\JULIOSKIII\.m2\repository\org\apache\camel\camel-health\3.14.0\camel-health-3.14.0.jar;C:\Users\JULIOSKIII\.m2\repository\org\apache\camel\springboot\camel-core-starter\3.14.0\camel-core-starter-3.14.0.jar;C:\Users\JULIOSKIII\.m2\repository\org\apache\camel\camel-core-engine\3.14.0\camel-core-engine-3.14.0.jar;C:\Users\JULIOSKIII\.m2\repository\org\apache\camel\camel-core-reifier\3.14.0\camel-core-reifier-3.14.0.jar;C:\Users\JULIOSKIII\.m2\repository\org\apache\camel\springboot\camel-bean-starter\3.14.0\camel-bean-starter-3.14.0.jar;C:\Users\JULIOSKIII\.m2\repository\org\apache\camel\camel-bean\3.14.0\camel-bean-3.14.0.jar;C:\Users\JULIOSKIII\.m2\repository\org\apache\camel\springboot\camel-browse-starter\3.14.0\camel-browse-starter-3.14.0.jar;C:\Users\JULIOSKIII\.m2\repository\org\apache\camel\camel-browse\3.14.0\camel-browse-3.14.0.jar;C:\Users\JULIOSKIII\.m2\repository\org\apache\camel\springboot\camel-controlbus-starter\3.14.0\camel-controlbus-starter-3.14.0.jar;C:\Users\JULIOSKIII\.m2\repository\org\apache\camel\camel-controlbus\3.14.0\camel-controlbus-3.14.0.jar;C:\Users\JULIOSKIII\.m2\repository\org\apache\camel\springboot\camel-dataformat-starter\3.14.0\camel-dataformat-starter-3.14.0.jar;C:\Users\JULIOSKIII\.m2\repository\org\apache\camel\camel-dataformat\3.14.0\camel-dataformat-3.14.0.jar;C:\Users\JULIOSKIII\.m2\repository\org\apache\camel\springboot\camel-dataset-starter\3.14.0\camel-dataset-starter-3.14.0.jar;C:\Users\JULIOSKIII\.m2\repository\org\apache\camel\camel-dataset\3.14.0\camel-dataset-3.14.0.jar;C:\Users\JULIOSKIII\.m2\repository\org\apache\camel\springboot\camel-direct-starter\3.14.0\camel-direct-starter-3.14.0.jar;C:\Users\JULIOSKIII\.m2\repository\org\apache\camel\camel-direct\3.14.0\camel-direct-3.14.0.jar;C:\Users\JULIOSKIII\.m2\repository\org\apache\camel\springboot\camel-directvm-starter\3.14.0\camel-directvm-starter-3.14.0.jar;C:\Users\JULIOSKIII\.m2\repository\org\apache\camel\camel-directvm\3.14.0\camel-directvm-3.14.0.jar;C:\Users\JULIOSKIII\.m2\repository\org\apache\camel\springboot\camel-file-starter\3.14.0\camel-file-starter-3.14.0.jar;C:\Users\JULIOSKIII\.m2\repository\org\apache\camel\camel-file\3.14.0\camel-file-3.14.0.jar;C:\Users\JULIOSKIII\.m2\repository\org\apache\camel\springboot\camel-language-starter\3.14.0\camel-language-starter-3.14.0.jar;C:\Users\JULIOSKIII\.m2\repository\org\apache\camel\camel-language\3.14.0\camel-language-3.14.0.jar;C:\Users\JULIOSKIII\.m2\repository\org\apache\camel\springboot\camel-log-starter\3.14.0\camel-log-starter-3.14.0.jar;C:\Users\JULIOSKIII\.m2\repository\org\apache\camel\camel-log\3.14.0\camel-log-3.14.0.jar;C:\Users\JULIOSKIII\.m2\repository\org\apache\camel\springboot\camel-mock-starter\3.14.0\camel-mock-starter-3.14.0.jar;C:\Users\JULIOSKIII\.m2\repository\org\apache\camel\camel-mock\3.14.0\camel-mock-3.14.0.jar;C:\Users\JULIOSKIII\.m2\repository\org\apache\camel\springboot\camel-ref-starter\3.14.0\camel-ref-starter-3.14.0.jar;C:\Users\JULIOSKIII\.m2\repository\org\apache\camel\camel-ref\3.14.0\camel-ref-3.14.0.jar;C:\Users\JULIOSKIII\.m2\repository\org\apache\camel\springboot\camel-rest-starter\3.14.0\camel-rest-starter-3.14.0.jar;C:\Users\JULIOSKIII\.m2\repository\org\apache\camel\springboot\camel-saga-starter\3.14.0\camel-saga-starter-3.14.0.jar;C:\Users\JULIOSKIII\.m2\repository\org\apache\camel\camel-saga\3.14.0\camel-saga-3.14.0.jar;C:\Users\JULIOSKIII\.m2\repository\org\apache\camel\springboot\camel-scheduler-starter\3.14.0\camel-scheduler-starter-3.14.0.jar;C:\Users\JULIOSKIII\.m2\repository\org\apache\camel\camel-scheduler\3.14.0\camel-scheduler-3.14.0.jar;C:\Users\JULIOSKIII\.m2\repository\org\apache\camel\springboot\camel-seda-starter\3.14.0\camel-seda-starter-3.14.0.jar;C:\Users\JULIOSKIII\.m2\repository\org\apache\camel\camel-seda\3.14.0\camel-seda-3.14.0.jar;C:\Users\JULIOSKIII\.m2\repository\org\apache\camel\springboot\camel-stub-starter\3.14.0\camel-stub-starter-3.14.0.jar;C:\Users\JULIOSKIII\.m2\repository\org\apache\camel\camel-stub\3.14.0\camel-stub-3.14.0.jar;C:\Users\JULIOSKIII\.m2\repository\org\apache\camel\springboot\camel-timer-starter\3.14.0\camel-timer-starter-3.14.0.jar;C:\Users\JULIOSKIII\.m2\repository\org\apache\camel\camel-timer\3.14.0\camel-timer-3.14.0.jar;C:\Users\JULIOSKIII\.m2\repository\org\apache\camel\springboot\camel-validator-starter\3.14.0\camel-validator-starter-3.14.0.jar;C:\Users\JULIOSKIII\.m2\repository\org\apache\camel\camel-validator\3.14.0\camel-validator-3.14.0.jar;C:\Users\JULIOSKIII\.m2\repository\org\apache\camel\springboot\camel-vm-starter\3.14.0\camel-vm-starter-3.14.0.jar;C:\Users\JULIOSKIII\.m2\repository\org\apache\camel\camel-vm\3.14.0\camel-vm-3.14.0.jar;C:\Users\JULIOSKIII\.m2\repository\org\apache\camel\springboot\camel-xpath-starter\3.14.0\camel-xpath-starter-3.14.0.jar;C:\Users\JULIOSKIII\.m2\repository\org\apache\camel\camel-xpath\3.14.0\camel-xpath-3.14.0.jar;C:\Users\JULIOSKIII\.m2\repository\org\apache\camel\springboot\camel-xslt-starter\3.14.0\camel-xslt-starter-3.14.0.jar;C:\Users\JULIOSKIII\.m2\repository\org\apache\camel\camel-xslt\3.14.0\camel-xslt-3.14.0.jar;C:\Users\JULIOSKIII\.m2\repository\org\apache\camel\springboot\camel-xml-jaxp-starter\3.14.0\camel-xml-jaxp-starter-3.14.0.jar;C:\Users\JULIOSKIII\.m2\repository\org\apache\camel\camel-xml-jaxp\3.14.0\camel-xml-jaxp-3.14.0.jar;C:\Users\JULIOSKIII\.m2\repository\org\apache\camel\camel-xml-io-util\3.14.0\camel-xml-io-util-3.14.0.jar;C:\Users\JULIOSKIII\.m2\repository\org\apache\camel\springboot\camel-jackson-starter\3.14.0\camel-jackson-starter-3.14.0.jar;C:\Users\JULIOSKIII\.m2\repository\org\apache\camel\camel-jackson\3.14.0\camel-jackson-3.14.0.jar;C:\Users\JULIOSKIII\.m2\repository\org\apache\camel\springboot\camel-servlet-starter\3.14.0\camel-servlet-starter-3.14.0.jar;C:\Users\JULIOSKIII\.m2\repository\org\apache\camel\camel-servlet\3.14.0\camel-servlet-3.14.0.jar;C:\Users\JULIOSKIII\.m2\repository\org\apache\camel\camel-http-common\3.14.0\camel-http-common-3.14.0.jar;C:\Users\JULIOSKIII\.m2\repository\org\apache\camel\camel-http-base\3.14.0\camel-http-base-3.14.0.jar;C:\Users\JULIOSKIII\.m2\repository\org\apache\camel\camel-attachments\3.14.0\camel-attachments-3.14.0.jar;C:\Users\JULIOSKIII\.m2\repository\com\sun\activation\javax.activation\1.2.0\javax.activation-1.2.0.jar;C:\Users\JULIOSKIII\.m2\repository\org\apache\camel\camel-rest-swagger\3.14.0\camel-rest-swagger-3.14.0.jar;C:\Users\JULIOSKIII\.m2\repository\org\apache\camel\camel-support\3.14.0\camel-support-3.14.0.jar;C:\Users\JULIOSKIII\.m2\repository\org\apache\camel\camel-api\3.14.0\camel-api-3.14.0.jar;C:\Users\JULIOSKIII\.m2\repository\org\apache\camel\camel-management-api\3.14.0\camel-management-api-3.14.0.jar;C:\Users\JULIOSKIII\.m2\repository\org\apache\camel\camel-util\3.14.0\camel-util-3.14.0.jar;C:\Users\JULIOSKIII\.m2\repository\io\swagger\swagger-parser\1.0.51\swagger-parser-1.0.51.jar;C:\Users\JULIOSKIII\.m2\repository\io\swagger\swagger-core\1.6.1\swagger-core-1.6.1.jar;C:\Users\JULIOSKIII\.m2\repository\org\apache\commons\commons-lang3\3.12.0\commons-lang3-3.12.0.jar;C:\Users\JULIOSKIII\.m2\repository\com\fasterxml\jackson\dataformat\jackson-dataformat-yaml\2.12.6\jackson-dataformat-yaml-2.12.6.jar;C:\Users\JULIOSKIII\.m2\repository\io\swagger\swagger-models\1.6.1\swagger-models-1.6.1.jar;C:\Users\JULIOSKIII\.m2\repository\commons-io\commons-io\2.4\commons-io-2.4.jar;C:\Users\JULIOSKIII\.m2\repository\org\apache\camel\camel-http\3.14.0\camel-http-3.14.0.jar;C:\Users\JULIOSKIII\.m2\repository\javax\servlet\javax.servlet-api\4.0.1\javax.servlet-api-4.0.1.jar;C:\Users\JULIOSKIII\.m2\repository\org\apache\httpcomponents\httpclient\4.5.13\httpclient-4.5.13.jar;C:\Users\JULIOSKIII\.m2\repository\org\apache\httpcomponents\httpcore\4.4.15\httpcore-4.4.15.jar;C:\Users\JULIOSKIII\.m2\repository\commons-codec\commons-codec\1.15\commons-codec-1.15.jar;C:\Users\JULIOSKIII\.m2\repository\org\apache\camel\camel-rest\3.14.0\camel-rest-3.14.0.jar;C:\Users\JULIOSKIII\.m2\repository\org\apache\camel\camel-tooling-model\3.14.0\camel-tooling-model-3.14.0.jar;C:\Users\JULIOSKIII\.m2\repository\org\apache\camel\camel-util-json\3.14.0\camel-util-json-3.14.0.jar;"/>
    <property name="java.vm.vendor" value="Oracle Corporation"/>
    <property name="sun.arch.data.model" value="64"/>
    <property name="user.variant" value=""/>
    <property name="java.vendor.url" value="http://java.oracle.com/"/>
    <property name="user.timezone" value="America/Santiago"/>
    <property name="java.vm.specification.version" value="1.8"/>
    <property name="os.name" value="Windows 11"/>
    <property name="user.country" value="CL"/>
    <property name="sun.java.launcher" value="SUN_STANDARD"/>
    <property name="sun.boot.library.path" value="C:\Program Files\Java\jdk-1.8\jre\bin"/>
    <property name="sun.java.command" value="C:\Users\JULIOS~1\AppData\Local\Temp\surefire2130338088230443186\surefirebooter7113667499927788179.jar C:\Users\JULIOSKIII\AppData\Local\Temp\surefire2130338088230443186 2024-10-04T01-06-46_576-jvmRun1 surefire4211337561764546988tmp surefire_07784805485573789932tmp"/>
    <property name="surefire.test.class.path" value="C:\Proyectos\encuesta_backend\target\test-classes;C:\Proyectos\encuesta_backend\target\classes;C:\Users\JULIOSKIII\.m2\repository\org\springframework\boot\spring-boot-starter-web\2.5.14\spring-boot-starter-web-2.5.14.jar;C:\Users\JULIOSKIII\.m2\repository\org\springframework\boot\spring-boot-starter\2.5.14\spring-boot-starter-2.5.14.jar;C:\Users\JULIOSKIII\.m2\repository\org\springframework\boot\spring-boot\2.5.14\spring-boot-2.5.14.jar;C:\Users\JULIOSKIII\.m2\repository\org\springframework\boot\spring-boot-autoconfigure\2.5.14\spring-boot-autoconfigure-2.5.14.jar;C:\Users\JULIOSKIII\.m2\repository\org\springframework\boot\spring-boot-starter-logging\2.5.14\spring-boot-starter-logging-2.5.14.jar;C:\Users\JULIOSKIII\.m2\repository\ch\qos\logback\logback-classic\1.2.11\logback-classic-1.2.11.jar;C:\Users\JULIOSKIII\.m2\repository\ch\qos\logback\logback-core\1.2.11\logback-core-1.2.11.jar;C:\Users\JULIOSKIII\.m2\repository\org\apache\logging\log4j\log4j-to-slf4j\2.17.2\log4j-to-slf4j-2.17.2.jar;C:\Users\JULIOSKIII\.m2\repository\org\apache\logging\log4j\log4j-api\2.17.2\log4j-api-2.17.2.jar;C:\Users\JULIOSKIII\.m2\repository\org\slf4j\jul-to-slf4j\1.7.36\jul-to-slf4j-1.7.36.jar;C:\Users\JULIOSKIII\.m2\repository\jakarta\annotation\jakarta.annotation-api\1.3.5\jakarta.annotation-api-1.3.5.jar;C:\Users\JULIOSKIII\.m2\repository\org\yaml\snakeyaml\1.28\snakeyaml-1.28.jar;C:\Users\JULIOSKIII\.m2\repository\org\springframework\boot\spring-boot-starter-json\2.5.14\spring-boot-starter-json-2.5.14.jar;C:\Users\JULIOSKIII\.m2\repository\com\fasterxml\jackson\core\jackson-databind\2.12.6.1\jackson-databind-2.12.6.1.jar;C:\Users\JULIOSKIII\.m2\repository\com\fasterxml\jackson\core\jackson-annotations\2.12.6\jackson-annotations-2.12.6.jar;C:\Users\JULIOSKIII\.m2\repository\com\fasterxml\jackson\core\jackson-core\2.12.6\jackson-core-2.12.6.jar;C:\Users\JULIOSKIII\.m2\repository\com\fasterxml\jackson\datatype\jackson-datatype-jdk8\2.12.6\jackson-datatype-jdk8-2.12.6.jar;C:\Users\JULIOSKIII\.m2\repository\com\fasterxml\jackson\datatype\jackson-datatype-jsr310\2.12.6\jackson-datatype-jsr310-2.12.6.jar;C:\Users\JULIOSKIII\.m2\repository\com\fasterxml\jackson\module\jackson-module-parameter-names\2.12.6\jackson-module-parameter-names-2.12.6.jar;C:\Users\JULIOSKIII\.m2\repository\org\springframework\boot\spring-boot-starter-tomcat\2.5.14\spring-boot-starter-tomcat-2.5.14.jar;C:\Users\JULIOSKIII\.m2\repository\org\apache\tomcat\embed\tomcat-embed-core\9.0.63\tomcat-embed-core-9.0.63.jar;C:\Users\JULIOSKIII\.m2\repository\org\apache\tomcat\embed\tomcat-embed-el\9.0.63\tomcat-embed-el-9.0.63.jar;C:\Users\JULIOSKIII\.m2\repository\org\apache\tomcat\embed\tomcat-embed-websocket\9.0.63\tomcat-embed-websocket-9.0.63.jar;C:\Users\JULIOSKIII\.m2\repository\org\springframework\spring-web\5.3.20\spring-web-5.3.20.jar;C:\Users\JULIOSKIII\.m2\repository\org\springframework\spring-beans\5.3.20\spring-beans-5.3.20.jar;C:\Users\JULIOSKIII\.m2\repository\org\springframework\spring-webmvc\5.3.20\spring-webmvc-5.3.20.jar;C:\Users\JULIOSKIII\.m2\repository\org\springframework\spring-aop\5.3.20\spring-aop-5.3.20.jar;C:\Users\JULIOSKIII\.m2\repository\org\springframework\spring-context\5.3.20\spring-context-5.3.20.jar;C:\Users\JULIOSKIII\.m2\repository\org\springframework\spring-expression\5.3.20\spring-expression-5.3.20.jar;C:\Users\JULIOSKIII\.m2\repository\org\springframework\boot\spring-boot-starter-data-jpa\2.5.14\spring-boot-starter-data-jpa-2.5.14.jar;C:\Users\JULIOSKIII\.m2\repository\org\springframework\boot\spring-boot-starter-aop\2.5.14\spring-boot-starter-aop-2.5.14.jar;C:\Users\JULIOSKIII\.m2\repository\org\aspectj\aspectjweaver\1.9.7\aspectjweaver-1.9.7.jar;C:\Users\JULIOSKIII\.m2\repository\org\springframework\boot\spring-boot-starter-jdbc\2.5.14\spring-boot-starter-jdbc-2.5.14.jar;C:\Users\JULIOSKIII\.m2\repository\com\zaxxer\HikariCP\4.0.3\HikariCP-4.0.3.jar;C:\Users\JULIOSKIII\.m2\repository\org\springframework\spring-jdbc\5.3.20\spring-jdbc-5.3.20.jar;C:\Users\JULIOSKIII\.m2\repository\jakarta\transaction\jakarta.transaction-api\1.3.3\jakarta.transaction-api-1.3.3.jar;C:\Users\JULIOSKIII\.m2\repository\jakarta\persistence\jakarta.persistence-api\2.2.3\jakarta.persistence-api-2.2.3.jar;C:\Users\JULIOSKIII\.m2\repository\org\hibernate\hibernate-core\5.4.33\hibernate-core-5.4.33.jar;C:\Users\JULIOSKIII\.m2\repository\org\jboss\logging\jboss-logging\3.4.3.Final\jboss-logging-3.4.3.Final.jar;C:\Users\JULIOSKIII\.m2\repository\org\javassist\javassist\3.27.0-GA\javassist-3.27.0-GA.jar;C:\Users\JULIOSKIII\.m2\repository\net\bytebuddy\byte-buddy\1.10.22\byte-buddy-1.10.22.jar;C:\Users\JULIOSKIII\.m2\repository\antlr\antlr\2.7.7\antlr-2.7.7.jar;C:\Users\JULIOSKIII\.m2\repository\org\jboss\jandex\2.2.3.Final\jandex-2.2.3.Final.jar;C:\Users\JULIOSKIII\.m2\repository\com\fasterxml\classmate\1.5.1\classmate-1.5.1.jar;C:\Users\JULIOSKIII\.m2\repository\org\dom4j\dom4j\2.1.3\dom4j-2.1.3.jar;C:\Users\JULIOSKIII\.m2\repository\org\hibernate\common\hibernate-commons-annotations\5.1.2.Final\hibernate-commons-annotations-5.1.2.Final.jar;C:\Users\JULIOSKIII\.m2\repository\org\glassfish\jaxb\jaxb-runtime\2.3.6\jaxb-runtime-2.3.6.jar;C:\Users\JULIOSKIII\.m2\repository\org\glassfish\jaxb\txw2\2.3.6\txw2-2.3.6.jar;C:\Users\JULIOSKIII\.m2\repository\com\sun\istack\istack-commons-runtime\3.0.12\istack-commons-runtime-3.0.12.jar;C:\Users\JULIOSKIII\.m2\repository\com\sun\activation\jakarta.activation\1.2.2\jakarta.activation-1.2.2.jar;C:\Users\JULIOSKIII\.m2\repository\org\springframework\data\spring-data-jpa\2.5.11\spring-data-jpa-2.5.11.jar;C:\Users\JULIOSKIII\.m2\repository\org\springframework\data\spring-data-commons\2.5.11\spring-data-commons-2.5.11.jar;C:\Users\JULIOSKIII\.m2\repository\org\springframework\spring-orm\5.3.20\spring-orm-5.3.20.jar;C:\Users\JULIOSKIII\.m2\repository\org\springframework\spring-tx\5.3.20\spring-tx-5.3.20.jar;C:\Users\JULIOSKIII\.m2\repository\org\slf4j\slf4j-api\1.7.36\slf4j-api-1.7.36.jar;C:\Users\JULIOSKIII\.m2\repository\org\springframework\spring-aspects\5.3.20\spring-aspects-5.3.20.jar;C:\Users\JULIOSKIII\.m2\repository\com\h2database\h2\1.4.200\h2-1.4.200.jar;C:\Users\JULIOSKIII\.m2\repository\org\springframework\boot\spring-boot-starter-test\2.5.14\spring-boot-starter-test-2.5.14.jar;C:\Users\JULIOSKIII\.m2\repository\org\springframework\boot\spring-boot-test\2.5.14\spring-boot-test-2.5.14.jar;C:\Users\JULIOSKIII\.m2\repository\org\springframework\boot\spring-boot-test-autoconfigure\2.5.14\spring-boot-test-autoconfigure-2.5.14.jar;C:\Users\JULIOSKIII\.m2\repository\com\jayway\jsonpath\json-path\2.5.0\json-path-2.5.0.jar;C:\Users\JULIOSKIII\.m2\repository\net\minidev\json-smart\2.4.8\json-smart-2.4.8.jar;C:\Users\JULIOSKIII\.m2\repository\net\minidev\accessors-smart\2.4.8\accessors-smart-2.4.8.jar;C:\Users\JULIOSKIII\.m2\repository\org\ow2\asm\asm\9.1\asm-9.1.jar;C:\Users\JULIOSKIII\.m2\repository\jakarta\xml\bind\jakarta.xml.bind-api\2.3.3\jakarta.xml.bind-api-2.3.3.jar;C:\Users\JULIOSKIII\.m2\repository\jakarta\activation\jakarta.activation-api\1.2.2\jakarta.activation-api-1.2.2.jar;C:\Users\JULIOSKIII\.m2\repository\org\assertj\assertj-core\3.19.0\assertj-core-3.19.0.jar;C:\Users\JULIOSKIII\.m2\repository\org\hamcrest\hamcrest\2.2\hamcrest-2.2.jar;C:\Users\JULIOSKIII\.m2\repository\org\junit\jupiter\junit-jupiter\5.7.2\junit-jupiter-5.7.2.jar;C:\Users\JULIOSKIII\.m2\repository\org\junit\jupiter\junit-jupiter-api\5.7.2\junit-jupiter-api-5.7.2.jar;C:\Users\JULIOSKIII\.m2\repository\org\apiguardian\apiguardian-api\1.1.0\apiguardian-api-1.1.0.jar;C:\Users\JULIOSKIII\.m2\repository\org\opentest4j\opentest4j\1.2.0\opentest4j-1.2.0.jar;C:\Users\JULIOSKIII\.m2\repository\org\junit\platform\junit-platform-commons\1.7.2\junit-platform-commons-1.7.2.jar;C:\Users\JULIOSKIII\.m2\repository\org\junit\jupiter\junit-jupiter-params\5.7.2\junit-jupiter-params-5.7.2.jar;C:\Users\JULIOSKIII\.m2\repository\org\junit\jupiter\junit-jupiter-engine\5.7.2\junit-jupiter-engine-5.7.2.jar;C:\Users\JULIOSKIII\.m2\repository\org\junit\platform\junit-platform-engine\1.7.2\junit-platform-engine-1.7.2.jar;C:\Users\JULIOSKIII\.m2\repository\org\mockito\mockito-core\3.9.0\mockito-core-3.9.0.jar;C:\Users\JULIOSKIII\.m2\repository\net\bytebuddy\byte-buddy-agent\1.10.22\byte-buddy-agent-1.10.22.jar;C:\Users\JULIOSKIII\.m2\repository\org\objenesis\objenesis\3.2\objenesis-3.2.jar;C:\Users\JULIOSKIII\.m2\repository\org\mockito\mockito-junit-jupiter\3.9.0\mockito-junit-jupiter-3.9.0.jar;C:\Users\JULIOSKIII\.m2\repository\org\skyscreamer\jsonassert\1.5.0\jsonassert-1.5.0.jar;C:\Users\JULIOSKIII\.m2\repository\com\vaadin\external\google\android-json\0.0.20131108.vaadin1\android-json-0.0.20131108.vaadin1.jar;C:\Users\JULIOSKIII\.m2\repository\org\springframework\spring-core\5.3.20\spring-core-5.3.20.jar;C:\Users\JULIOSKIII\.m2\repository\org\springframework\spring-jcl\5.3.20\spring-jcl-5.3.20.jar;C:\Users\JULIOSKIII\.m2\repository\org\springframework\spring-test\5.3.20\spring-test-5.3.20.jar;C:\Users\JULIOSKIII\.m2\repository\org\xmlunit\xmlunit-core\2.8.4\xmlunit-core-2.8.4.jar;C:\Users\JULIOSKIII\.m2\repository\org\apache\camel\springboot\camel-spring-boot-starter\3.14.0\camel-spring-boot-starter-3.14.0.jar;C:\Users\JULIOSKIII\.m2\repository\org\apache\camel\springboot\camel-spring-boot\3.14.0\camel-spring-boot-3.14.0.jar;C:\Users\JULIOSKIII\.m2\repository\org\apache\camel\camel-spring\3.14.0\camel-spring-3.14.0.jar;C:\Users\JULIOSKIII\.m2\repository\org\apache\camel\camel-spring-main\3.14.0\camel-spring-main-3.14.0.jar;C:\Users\JULIOSKIII\.m2\repository\org\apache\camel\camel-main\3.14.0\camel-main-3.14.0.jar;C:\Users\JULIOSKIII\.m2\repository\org\apache\camel\camel-base\3.14.0\camel-base-3.14.0.jar;C:\Users\JULIOSKIII\.m2\repository\org\apache\camel\camel-core-languages\3.14.0\camel-core-languages-3.14.0.jar;C:\Users\JULIOSKIII\.m2\repository\org\apache\camel\camel-xml-jaxb-dsl\3.14.0\camel-xml-jaxb-dsl-3.14.0.jar;C:\Users\JULIOSKIII\.m2\repository\org\apache\camel\camel-core-model\3.14.0\camel-core-model-3.14.0.jar;C:\Users\JULIOSKIII\.m2\repository\org\apache\camel\camel-core-processor\3.14.0\camel-core-processor-3.14.0.jar;C:\Users\JULIOSKIII\.m2\repository\org\apache\camel\camel-xml-jaxb\3.14.0\camel-xml-jaxb-3.14.0.jar;C:\Users\JULIOSKIII\.m2\repository\com\sun\xml\bind\jaxb-core\2.3.0\jaxb-core-2.3.0.jar;C:\Users\JULIOSKIII\.m2\repository\com\sun\xml\bind\jaxb-impl\2.3.3\jaxb-impl-2.3.3.jar;C:\Users\JULIOSKIII\.m2\repository\org\apache\camel\camel-dsl-support\3.14.0\camel-dsl-support-3.14.0.jar;C:\Users\JULIOSKIII\.m2\repository\org\apache\camel\camel-endpointdsl\3.14.0\camel-endpointdsl-3.14.0.jar;C:\Users\JULIOSKIII\.m2\repository\org\apache\camel\camel-spring-xml\3.14.0\camel-spring-xml-3.14.0.jar;C:\Users\JULIOSKIII\.m2\repository\org\apache\camel\camel-core-xml\3.14.0\camel-core-xml-3.14.0.jar;C:\Users\JULIOSKIII\.m2\repository\org\apache\camel\camel-cloud\3.14.0\camel-cloud-3.14.0.jar;C:\Users\JULIOSKIII\.m2\repository\org\apache\camel\camel-cluster\3.14.0\camel-cluster-3.14.0.jar;C:\Users\JULIOSKIII\.m2\repository\org\apache\camel\camel-base-engine\3.14.0\camel-base-engine-3.14.0.jar;C:\Users\JULIOSKIII\.m2\repository\org\apache\camel\camel-health\3.14.0\camel-health-3.14.0.jar;C:\Users\JULIOSKIII\.m2\repository\org\apache\camel\springboot\camel-core-starter\3.14.0\camel-core-starter-3.14.0.jar;C:\Users\JULIOSKIII\.m2\repository\org\apache\camel\camel-core-engine\3.14.0\camel-core-engine-3.14.0.jar;C:\Users\JULIOSKIII\.m2\repository\org\apache\camel\camel-core-reifier\3.14.0\camel-core-reifier-3.14.0.jar;C:\Users\JULIOSKIII\.m2\repository\org\apache\camel\springboot\camel-bean-starter\3.14.0\camel-bean-starter-3.14.0.jar;C:\Users\JULIOSKIII\.m2\repository\org\apache\camel\camel-bean\3.14.0\camel-bean-3.14.0.jar;C:\Users\JULIOSKIII\.m2\repository\org\apache\camel\springboot\camel-browse-starter\3.14.0\camel-browse-starter-3.14.0.jar;C:\Users\JULIOSKIII\.m2\repository\org\apache\camel\camel-browse\3.14.0\camel-browse-3.14.0.jar;C:\Users\JULIOSKIII\.m2\repository\org\apache\camel\springboot\camel-controlbus-starter\3.14.0\camel-controlbus-starter-3.14.0.jar;C:\Users\JULIOSKIII\.m2\repository\org\apache\camel\camel-controlbus\3.14.0\camel-controlbus-3.14.0.jar;C:\Users\JULIOSKIII\.m2\repository\org\apache\camel\springboot\camel-dataformat-starter\3.14.0\camel-dataformat-starter-3.14.0.jar;C:\Users\JULIOSKIII\.m2\repository\org\apache\camel\camel-dataformat\3.14.0\camel-dataformat-3.14.0.jar;C:\Users\JULIOSKIII\.m2\repository\org\apache\camel\springboot\camel-dataset-starter\3.14.0\camel-dataset-starter-3.14.0.jar;C:\Users\JULIOSKIII\.m2\repository\org\apache\camel\camel-dataset\3.14.0\camel-dataset-3.14.0.jar;C:\Users\JULIOSKIII\.m2\repository\org\apache\camel\springboot\camel-direct-starter\3.14.0\camel-direct-starter-3.14.0.jar;C:\Users\JULIOSKIII\.m2\repository\org\apache\camel\camel-direct\3.14.0\camel-direct-3.14.0.jar;C:\Users\JULIOSKIII\.m2\repository\org\apache\camel\springboot\camel-directvm-starter\3.14.0\camel-directvm-starter-3.14.0.jar;C:\Users\JULIOSKIII\.m2\repository\org\apache\camel\camel-directvm\3.14.0\camel-directvm-3.14.0.jar;C:\Users\JULIOSKIII\.m2\repository\org\apache\camel\springboot\camel-file-starter\3.14.0\camel-file-starter-3.14.0.jar;C:\Users\JULIOSKIII\.m2\repository\org\apache\camel\camel-file\3.14.0\camel-file-3.14.0.jar;C:\Users\JULIOSKIII\.m2\repository\org\apache\camel\springboot\camel-language-starter\3.14.0\camel-language-starter-3.14.0.jar;C:\Users\JULIOSKIII\.m2\repository\org\apache\camel\camel-language\3.14.0\camel-language-3.14.0.jar;C:\Users\JULIOSKIII\.m2\repository\org\apache\camel\springboot\camel-log-starter\3.14.0\camel-log-starter-3.14.0.jar;C:\Users\JULIOSKIII\.m2\repository\org\apache\camel\camel-log\3.14.0\camel-log-3.14.0.jar;C:\Users\JULIOSKIII\.m2\repository\org\apache\camel\springboot\camel-mock-starter\3.14.0\camel-mock-starter-3.14.0.jar;C:\Users\JULIOSKIII\.m2\repository\org\apache\camel\camel-mock\3.14.0\camel-mock-3.14.0.jar;C:\Users\JULIOSKIII\.m2\repository\org\apache\camel\springboot\camel-ref-starter\3.14.0\camel-ref-starter-3.14.0.jar;C:\Users\JULIOSKIII\.m2\repository\org\apache\camel\camel-ref\3.14.0\camel-ref-3.14.0.jar;C:\Users\JULIOSKIII\.m2\repository\org\apache\camel\springboot\camel-rest-starter\3.14.0\camel-rest-starter-3.14.0.jar;C:\Users\JULIOSKIII\.m2\repository\org\apache\camel\springboot\camel-saga-starter\3.14.0\camel-saga-starter-3.14.0.jar;C:\Users\JULIOSKIII\.m2\repository\org\apache\camel\camel-saga\3.14.0\camel-saga-3.14.0.jar;C:\Users\JULIOSKIII\.m2\repository\org\apache\camel\springboot\camel-scheduler-starter\3.14.0\camel-scheduler-starter-3.14.0.jar;C:\Users\JULIOSKIII\.m2\repository\org\apache\camel\camel-scheduler\3.14.0\camel-scheduler-3.14.0.jar;C:\Users\JULIOSKIII\.m2\repository\org\apache\camel\springboot\camel-seda-starter\3.14.0\camel-seda-starter-3.14.0.jar;C:\Users\JULIOSKIII\.m2\repository\org\apache\camel\camel-seda\3.14.0\camel-seda-3.14.0.jar;C:\Users\JULIOSKIII\.m2\repository\org\apache\camel\springboot\camel-stub-starter\3.14.0\camel-stub-starter-3.14.0.jar;C:\Users\JULIOSKIII\.m2\repository\org\apache\camel\camel-stub\3.14.0\camel-stub-3.14.0.jar;C:\Users\JULIOSKIII\.m2\repository\org\apache\camel\springboot\camel-timer-starter\3.14.0\camel-timer-starter-3.14.0.jar;C:\Users\JULIOSKIII\.m2\repository\org\apache\camel\camel-timer\3.14.0\camel-timer-3.14.0.jar;C:\Users\JULIOSKIII\.m2\repository\org\apache\camel\springboot\camel-validator-starter\3.14.0\camel-validator-starter-3.14.0.jar;C:\Users\JULIOSKIII\.m2\repository\org\apache\camel\camel-validator\3.14.0\camel-validator-3.14.0.jar;C:\Users\JULIOSKIII\.m2\repository\org\apache\camel\springboot\camel-vm-starter\3.14.0\camel-vm-starter-3.14.0.jar;C:\Users\JULIOSKIII\.m2\repository\org\apache\camel\camel-vm\3.14.0\camel-vm-3.14.0.jar;C:\Users\JULIOSKIII\.m2\repository\org\apache\camel\springboot\camel-xpath-starter\3.14.0\camel-xpath-starter-3.14.0.jar;C:\Users\JULIOSKIII\.m2\repository\org\apache\camel\camel-xpath\3.14.0\camel-xpath-3.14.0.jar;C:\Users\JULIOSKIII\.m2\repository\org\apache\camel\springboot\camel-xslt-starter\3.14.0\camel-xslt-starter-3.14.0.jar;C:\Users\JULIOSKIII\.m2\repository\org\apache\camel\camel-xslt\3.14.0\camel-xslt-3.14.0.jar;C:\Users\JULIOSKIII\.m2\repository\org\apache\camel\springboot\camel-xml-jaxp-starter\3.14.0\camel-xml-jaxp-starter-3.14.0.jar;C:\Users\JULIOSKIII\.m2\repository\org\apache\camel\camel-xml-jaxp\3.14.0\camel-xml-jaxp-3.14.0.jar;C:\Users\JULIOSKIII\.m2\repository\org\apache\camel\camel-xml-io-util\3.14.0\camel-xml-io-util-3.14.0.jar;C:\Users\JULIOSKIII\.m2\repository\org\apache\camel\springboot\camel-jackson-starter\3.14.0\camel-jackson-starter-3.14.0.jar;C:\Users\JULIOSKIII\.m2\repository\org\apache\camel\camel-jackson\3.14.0\camel-jackson-3.14.0.jar;C:\Users\JULIOSKIII\.m2\repository\org\apache\camel\springboot\camel-servlet-starter\3.14.0\camel-servlet-starter-3.14.0.jar;C:\Users\JULIOSKIII\.m2\repository\org\apache\camel\camel-servlet\3.14.0\camel-servlet-3.14.0.jar;C:\Users\JULIOSKIII\.m2\repository\org\apache\camel\camel-http-common\3.14.0\camel-http-common-3.14.0.jar;C:\Users\JULIOSKIII\.m2\repository\org\apache\camel\camel-http-base\3.14.0\camel-http-base-3.14.0.jar;C:\Users\JULIOSKIII\.m2\repository\org\apache\camel\camel-attachments\3.14.0\camel-attachments-3.14.0.jar;C:\Users\JULIOSKIII\.m2\repository\com\sun\activation\javax.activation\1.2.0\javax.activation-1.2.0.jar;C:\Users\JULIOSKIII\.m2\repository\org\apache\camel\camel-rest-swagger\3.14.0\camel-rest-swagger-3.14.0.jar;C:\Users\JULIOSKIII\.m2\repository\org\apache\camel\camel-support\3.14.0\camel-support-3.14.0.jar;C:\Users\JULIOSKIII\.m2\repository\org\apache\camel\camel-api\3.14.0\camel-api-3.14.0.jar;C:\Users\JULIOSKIII\.m2\repository\org\apache\camel\camel-management-api\3.14.0\camel-management-api-3.14.0.jar;C:\Users\JULIOSKIII\.m2\repository\org\apache\camel\camel-util\3.14.0\camel-util-3.14.0.jar;C:\Users\JULIOSKIII\.m2\repository\io\swagger\swagger-parser\1.0.51\swagger-parser-1.0.51.jar;C:\Users\JULIOSKIII\.m2\repository\io\swagger\swagger-core\1.6.1\swagger-core-1.6.1.jar;C:\Users\JULIOSKIII\.m2\repository\org\apache\commons\commons-lang3\3.12.0\commons-lang3-3.12.0.jar;C:\Users\JULIOSKIII\.m2\repository\com\fasterxml\jackson\dataformat\jackson-dataformat-yaml\2.12.6\jackson-dataformat-yaml-2.12.6.jar;C:\Users\JULIOSKIII\.m2\repository\io\swagger\swagger-models\1.6.1\swagger-models-1.6.1.jar;C:\Users\JULIOSKIII\.m2\repository\commons-io\commons-io\2.4\commons-io-2.4.jar;C:\Users\JULIOSKIII\.m2\repository\org\apache\camel\camel-http\3.14.0\camel-http-3.14.0.jar;C:\Users\JULIOSKIII\.m2\repository\javax\servlet\javax.servlet-api\4.0.1\javax.servlet-api-4.0.1.jar;C:\Users\JULIOSKIII\.m2\repository\org\apache\httpcomponents\httpclient\4.5.13\httpclient-4.5.13.jar;C:\Users\JULIOSKIII\.m2\repository\org\apache\httpcomponents\httpcore\4.4.15\httpcore-4.4.15.jar;C:\Users\JULIOSKIII\.m2\repository\commons-codec\commons-codec\1.15\commons-codec-1.15.jar;C:\Users\JULIOSKIII\.m2\repository\org\apache\camel\camel-rest\3.14.0\camel-rest-3.14.0.jar;C:\Users\JULIOSKIII\.m2\repository\org\apache\camel\camel-tooling-model\3.14.0\camel-tooling-model-3.14.0.jar;C:\Users\JULIOSKIII\.m2\repository\org\apache\camel\camel-util-json\3.14.0\camel-util-json-3.14.0.jar;"/>
    <property name="sun.cpu.endian" value="little"/>
    <property name="user.home" value="C:\Users\JULIOSKIII"/>
    <property name="user.language" value="es"/>
    <property name="java.specification.vendor" value="Oracle Corporation"/>
    <property name="java.home" value="C:\Program Files\Java\jdk-1.8\jre"/>
    <property name="basedir" value="C:\Proyectos\encuesta_backend"/>
    <property name="file.separator" value="\"/>
    <property name="line.separator" value="&#10;"/>
    <property name="java.vm.specification.vendor" value="Oracle Corporation"/>
    <property name="java.specification.name" value="Java Platform API Specification"/>
    <property name="java.awt.graphicsenv" value="sun.awt.Win32GraphicsEnvironment"/>
    <property name="surefire.real.class.path" value="C:\Users\JULIOS~1\AppData\Local\Temp\surefire2130338088230443186\surefirebooter7113667499927788179.jar"/>
    <property name="sun.boot.class.path" value="C:\Program Files\Java\jdk-1.8\jre\lib\resources.jar;C:\Program Files\Java\jdk-1.8\jre\lib\rt.jar;C:\Program Files\Java\jdk-1.8\jre\lib\jsse.jar;C:\Program Files\Java\jdk-1.8\jre\lib\jce.jar;C:\Program Files\Java\jdk-1.8\jre\lib\charsets.jar;C:\Program Files\Java\jdk-1.8\jre\lib\jfr.jar;C:\Program Files\Java\jdk-1.8\jre\classes"/>
    <property name="user.script" value=""/>
    <property name="sun.management.compiler" value="HotSpot 64-Bit Tiered Compilers"/>
    <property name="java.runtime.version" value="1.8.0_421-b09"/>
    <property name="user.name" value="JULIOSKIII"/>
    <property name="path.separator" value=";"/>
    <property name="os.version" value="10.0"/>
    <property name="java.endorsed.dirs" value="C:\Program Files\Java\jdk-1.8\jre\lib\endorsed"/>
    <property name="java.runtime.name" value="Java(TM) SE Runtime Environment"/>
    <property name="file.encoding" value="Cp1252"/>
    <property name="java.vm.name" value="Java HotSpot(TM) 64-Bit Server VM"/>
    <property name="localRepository" value="C:\Users\JULIOSKIII\.m2\repository"/>
    <property name="java.vendor.url.bug" value="http://bugreport.sun.com/bugreport/"/>
    <property name="java.io.tmpdir" value="C:\Users\JULIOS~1\AppData\Local\Temp\"/>
    <property name="java.version" value="1.8.0_421"/>
    <property name="user.dir" value="C:\Proyectos\encuesta_backend"/>
    <property name="os.arch" value="amd64"/>
    <property name="java.vm.specification.name" value="Java Virtual Machine Specification"/>
    <property name="java.awt.printerjob" value="sun.awt.windows.WPrinterJob"/>
    <property name="sun.os.patch.level" value=""/>
    <property name="java.library.path" value="C:\Program Files\Java\jdk-1.8\jre\bin;C:\Windows\Sun\Java\bin;C:\Windows\system32;C:\Windows;C:\Users\JULIOSKIII\AppData\Roaming\npm;C:\Program Files\nodejs\;C:\Program Files (x86)\Common Files\Oracle\Java\java8path;C:\Program Files (x86)\Common Files\Oracle\Java\javapath;C:\Windows\system32;C:\Windows;C:\Windows\System32\Wbem;C:\Windows\System32\WindowsPowerShell\v1.0\;C:\Windows\System32\OpenSSH\;C:\Program Files\NVIDIA Corporation\NVIDIA NvDLISR;C:\Program Files (x86)\NVIDIA Corporation\PhysX\Common;C:\ngrok\ngrok.exe;C:\Program Files\nodejs\;C:\Program Files\Git\cmd;C:\Program Files\Maven\bin;C:\Users\JULIOSKIII\AppData\Local\Programs\Python\Python312\Scripts\;C:\Users\JULIOSKIII\AppData\Local\Programs\Python\Python312\;C:\Users\JULIOSKIII\AppData\Local\Programs\Python\Launcher\;C:\Users\JULIOSKIII\AppData\Local\Microsoft\WindowsApps;C:\Users\JULIOSKIII\AppData\Local\Programs\Microsoft VS Code\bin;C:\ngrok\ngrok.exe;C:\Users\JULIOSKIII\AppData\Roaming\npm;C:\Program Files\Maven\bin;;."/>
    <property name="java.vm.info" value="mixed mode"/>
    <property name="java.vendor" value="Oracle Corporation"/>
    <property name="java.vm.version" value="25.421-b09"/>
    <property name="java.specification.maintenance.version" value="5"/>
    <property name="java.ext.dirs" value="C:\Program Files\Java\jdk-1.8\jre\lib\ext;C:\Windows\Sun\Java\lib\ext"/>
    <property name="sun.io.unicode.encoding" value="UnicodeLittle"/>
    <property name="java.class.version" value="52.0"/>
  </properties>
  <testcase name="testObtenerResultados" classname="com.encuesta.EncuestaBackendApplicationTests" time="0.167"/>
  <testcase name="testAgregarEncuesta" classname="com.encuesta.EncuestaBackendApplicationTests" time="0.256">
    <error message="PreparedStatementCallback; SQL [INSERT INTO ENCUESTA (EMAIL, ESTILO_MUSICAL) VALUES (?, ?)]; Violación de indice de Unicidad ó Clave primaria: &quot;PUBLIC.CONSTRAINT_INDEX_9 ON PUBLIC.ENCUESTA(EMAIL) VALUES 1&quot;&#10;Unique index or primary key violation: &quot;PUBLIC.CONSTRAINT_INDEX_9 ON PUBLIC.ENCUESTA(EMAIL) VALUES 1&quot;; SQL statement:&#10;INSERT INTO ENCUESTA (EMAIL, ESTILO_MUSICAL) VALUES (?, ?) [23505-200]; nested exception is org.h2.jdbc.JdbcSQLIntegrityConstraintViolationException: Violación de indice de Unicidad ó Clave primaria: &quot;PUBLIC.CONSTRAINT_INDEX_9 ON PUBLIC.ENCUESTA(EMAIL) VALUES 1&quot;&#10;Unique index or primary key violation: &quot;PUBLIC.CONSTRAINT_INDEX_9 ON PUBLIC.ENCUESTA(EMAIL) VALUES 1&quot;; SQL statement:&#10;INSERT INTO ENCUESTA (EMAIL, ESTILO_MUSICAL) VALUES (?, ?) [23505-200]" type="org.springframework.dao.DuplicateKeyException">org.springframework.dao.DuplicateKeyException: 
PreparedStatementCallback; SQL [INSERT INTO ENCUESTA (EMAIL, ESTILO_MUSICAL) VALUES (?, ?)]; Violación de indice de Unicidad ó Clave primaria: "PUBLIC.CONSTRAINT_INDEX_9 ON PUBLIC.ENCUESTA(EMAIL) VALUES 1"
Unique index or primary key violation: "PUBLIC.CONSTRAINT_INDEX_9 ON PUBLIC.ENCUESTA(EMAIL) VALUES 1"; SQL statement:
INSERT INTO ENCUESTA (EMAIL, ESTILO_MUSICAL) VALUES (?, ?) [23505-200]; nested exception is org.h2.jdbc.JdbcSQLIntegrityConstraintViolationException: Violación de indice de Unicidad ó Clave primaria: "PUBLIC.CONSTRAINT_INDEX_9 ON PUBLIC.ENCUESTA(EMAIL) VALUES 1"
Unique index or primary key violation: "PUBLIC.CONSTRAINT_INDEX_9 ON PUBLIC.ENCUESTA(EMAIL) VALUES 1"; SQL statement:
INSERT INTO ENCUESTA (EMAIL, ESTILO_MUSICAL) VALUES (?, ?) [23505-200]
	at com.encuesta.EncuestaBackendApplicationTests.testAgregarEncuesta(EncuestaBackendApplicationTests.java:47)
Caused by: org.h2.jdbc.JdbcSQLIntegrityConstraintViolationException: 
Violación de indice de Unicidad ó Clave primaria: "PUBLIC.CONSTRAINT_INDEX_9 ON PUBLIC.ENCUESTA(EMAIL) VALUES 1"
Unique index or primary key violation: "PUBLIC.CONSTRAINT_INDEX_9 ON PUBLIC.ENCUESTA(EMAIL) VALUES 1"; SQL statement:
INSERT INTO ENCUESTA (EMAIL, ESTILO_MUSICAL) VALUES (?, ?) [23505-200]
	at com.encuesta.EncuestaBackendApplicationTests.testAgregarEncuesta(EncuestaBackendApplicationTests.java:47)
</error>
  </testcase>
  <testcase name="testCrearTabla" classname="com.encuesta.EncuestaBackendApplicationTests" time="0.077"/>
  <testcase name="contextLoads" classname="com.encuesta.EncuestaBackendApplicationTests" time="0.002"/>
</testsuite>